<?xml version="1.0" encoding="UTF-8"?>
<!-- Generated by org.testng.reporters.JUnitReportReporter -->
<testsuite hostname="LAPTOP-NHVRSJT0" failures="0" tests="1" name="Rpack.LoginTest" time="16.493" errors="0" timestamp="2021-02-18T18:10:21 EST" skipped="0">
  <testcase classname="Rpack.LoginTest" name="login" time="16.493"/>
  <system-out/>
</testsuite> <!-- Rpack.LoginTest -->
