<?xml version="1.0" encoding="UTF-8"?>
<!-- Generated by org.testng.reporters.JUnitReportReporter -->
<testsuite hostname="LAPTOP-NHVRSJT0" failures="0" tests="1" name="Rpack.TwoTest" time="17.137" errors="0" timestamp="2021-02-18T18:10:21 EST" skipped="0">
  <testcase classname="Rpack.TwoTest" name="testTwo" time="17.137"/>
  <system-out/>
</testsuite> <!-- Rpack.TwoTest -->
