<?xml version="1.0" encoding="UTF-8"?>
<!-- Generated by org.testng.reporters.JUnitReportReporter -->
<testsuite skipped="0" hostname="LAPTOP-NHVRSJT0" name="Rpack.TwoTest" tests="1" failures="0" timestamp="2021-02-18T14:16:25 EST" time="0.007" errors="0">
  <testcase name="testTwo" time="0.007" classname="Rpack.TwoTest"/>
  <system-out/>
</testsuite> <!-- Rpack.TwoTest -->
