<?xml version="1.0" encoding="UTF-8"?>
<!-- Generated by org.testng.reporters.JUnitReportReporter -->
<testsuite skipped="0" hostname="LAPTOP-NHVRSJT0" name="Rpack.FourTest" tests="1" failures="0" timestamp="2021-02-18T14:16:25 EST" time="0.000" errors="0">
  <testcase name="testFour" time="0.000" classname="Rpack.FourTest"/>
  <system-out/>
</testsuite> <!-- Rpack.FourTest -->
